<?xml version="1.0" encoding="UTF-8"?>
<!-- Generated by org.testng.reporters.JUnitXMLReporter -->
<testsuite hostname="DESKTOP-FUR8CG5" ignored="0" name="Default test" tests="4" failures="0" timestamp="02 sie 2019 19:55:21 GMT" time="51.104" errors="0">
  <testcase name="loginTest" time="2.294" classname="tests.LoginDDT"/>
  <testcase name="loginTest" time="1.442" classname="tests.LoginDDT"/>
  <testcase name="loginTest" time="1.3" classname="tests.LoginDDT"/>
  <testcase name="loginTest" time="1.311" classname="tests.LoginDDT"/>
</testsuite> <!-- Default test -->
