<?xml version="1.0" encoding="UTF-8"?>
<testng-results skipped="0" failed="0" ignored="0" total="2" passed="2">
  <reporter-output>
  </reporter-output>
  <suite name="Default suite" duration-ms="10432" started-at="2019-08-07T13:13:19Z" finished-at="2019-08-07T13:13:29Z">
    <groups>
    </groups>
    <test name="Default test" duration-ms="10432" started-at="2019-08-07T13:13:19Z" finished-at="2019-08-07T13:13:29Z">
      <class name="testngpackage1.TestNGFile1">
        <test-method status="PASS" signature="launchBrowser()[pri:0, instance:testngpackage1.TestNGFile1@1593948d]" name="launchBrowser" is-config="true" duration-ms="6110" started-at="2019-08-07T13:13:19Z" finished-at="2019-08-07T13:13:25Z">
          <reporter-output>
          </reporter-output>
        </test-method> <!-- launchBrowser -->
        <test-method status="PASS" signature="verifyHomepageTitle()[pri:0, instance:testngpackage1.TestNGFile1@1593948d]" name="verifyHomepageTitle" is-config="true" duration-ms="5" started-at="2019-08-07T13:13:25Z" finished-at="2019-08-07T13:13:25Z">
          <reporter-output>
          </reporter-output>
        </test-method> <!-- verifyHomepageTitle -->
        <test-method status="PASS" signature="register()[pri:0, instance:testngpackage1.TestNGFile1@1593948d]" name="register" duration-ms="632" started-at="2019-08-07T13:13:25Z" finished-at="2019-08-07T13:13:26Z">
          <reporter-output>
          </reporter-output>
        </test-method> <!-- register -->
        <test-method status="PASS" signature="goBackToHomepage()[pri:0, instance:testngpackage1.TestNGFile1@1593948d]" name="goBackToHomepage" is-config="true" duration-ms="546" started-at="2019-08-07T13:13:26Z" finished-at="2019-08-07T13:13:26Z">
          <reporter-output>
          </reporter-output>
        </test-method> <!-- goBackToHomepage -->
        <test-method status="PASS" signature="verifyHomepageTitle()[pri:0, instance:testngpackage1.TestNGFile1@1593948d]" name="verifyHomepageTitle" is-config="true" duration-ms="2" started-at="2019-08-07T13:13:26Z" finished-at="2019-08-07T13:13:26Z">
          <reporter-output>
          </reporter-output>
        </test-method> <!-- verifyHomepageTitle -->
        <test-method status="PASS" signature="support()[pri:1, instance:testngpackage1.TestNGFile1@1593948d]" name="support" duration-ms="666" started-at="2019-08-07T13:13:26Z" finished-at="2019-08-07T13:13:27Z">
          <reporter-output>
          </reporter-output>
        </test-method> <!-- support -->
        <test-method status="PASS" signature="goBackToHomepage()[pri:0, instance:testngpackage1.TestNGFile1@1593948d]" name="goBackToHomepage" is-config="true" duration-ms="886" started-at="2019-08-07T13:13:27Z" finished-at="2019-08-07T13:13:28Z">
          <reporter-output>
          </reporter-output>
        </test-method> <!-- goBackToHomepage -->
        <test-method status="PASS" signature="terminateBrowser()[pri:0, instance:testngpackage1.TestNGFile1@1593948d]" name="terminateBrowser" is-config="true" duration-ms="1567" started-at="2019-08-07T13:13:28Z" finished-at="2019-08-07T13:13:29Z">
          <reporter-output>
          </reporter-output>
        </test-method> <!-- terminateBrowser -->
      </class> <!-- testngpackage1.TestNGFile1 -->
    </test> <!-- Default test -->
  </suite> <!-- Default suite -->
</testng-results>
