<?xml version="1.0" encoding="UTF-8"?>
<testng-results skipped="0" failed="0" ignored="0" total="4" passed="4">
  <reporter-output>
  </reporter-output>
  <suite name="Default suite" duration-ms="51104" started-at="2019-08-02T19:54:29Z" finished-at="2019-08-02T19:55:21Z">
    <groups>
    </groups>
    <test name="Default test" duration-ms="51104" started-at="2019-08-02T19:54:29Z" finished-at="2019-08-02T19:55:21Z">
      <class name="tests.LoginDDT">
        <test-method status="PASS" signature="setUp()[pri:0, instance:tests.LoginDDT@cc285f4]" name="setUp" is-config="true" duration-ms="13019" started-at="2019-08-02T19:54:30Z" finished-at="2019-08-02T19:54:43Z">
          <reporter-output>
          </reporter-output>
        </test-method> <!-- setUp -->
        <test-method status="PASS" signature="loginTest(java.lang.String, java.lang.String, java.lang.String)[pri:0, instance:tests.LoginDDT@cc285f4]" name="loginTest" duration-ms="2294" started-at="2019-08-02T19:54:43Z" data-provider="getData" finished-at="2019-08-02T19:54:45Z">
          <params>
            <param index="0">
              <value>
                <![CDATA[Ellie Prynne]]>
              </value>
            </param>
            <param index="1">
              <value>
                <![CDATA[ep@testemail.com]]>
              </value>
            </param>
            <param index="2">
              <value>
                <![CDATA[ep1password]]>
              </value>
            </param>
          </params>
          <reporter-output>
          </reporter-output>
        </test-method> <!-- loginTest -->
        <test-method status="PASS" signature="tearDown()[pri:0, instance:tests.LoginDDT@cc285f4]" name="tearDown" is-config="true" duration-ms="2147" started-at="2019-08-02T19:54:45Z" finished-at="2019-08-02T19:54:47Z">
          <reporter-output>
          </reporter-output>
        </test-method> <!-- tearDown -->
        <test-method status="PASS" signature="setUp()[pri:0, instance:tests.LoginDDT@cc285f4]" name="setUp" is-config="true" duration-ms="8400" started-at="2019-08-02T19:54:47Z" finished-at="2019-08-02T19:54:56Z">
          <reporter-output>
          </reporter-output>
        </test-method> <!-- setUp -->
        <test-method status="PASS" signature="loginTest(java.lang.String, java.lang.String, java.lang.String)[pri:0, instance:tests.LoginDDT@cc285f4]" name="loginTest" duration-ms="1442" started-at="2019-08-02T19:54:56Z" data-provider="getData" finished-at="2019-08-02T19:54:57Z">
          <params>
            <param index="0">
              <value>
                <![CDATA[Shawn Thompson]]>
              </value>
            </param>
            <param index="1">
              <value>
                <![CDATA[sw@testemail.com]]>
              </value>
            </param>
            <param index="2">
              <value>
                <![CDATA[sw2password]]>
              </value>
            </param>
          </params>
          <reporter-output>
          </reporter-output>
        </test-method> <!-- loginTest -->
        <test-method status="PASS" signature="tearDown()[pri:0, instance:tests.LoginDDT@cc285f4]" name="tearDown" is-config="true" duration-ms="1507" started-at="2019-08-02T19:54:57Z" finished-at="2019-08-02T19:54:59Z">
          <reporter-output>
          </reporter-output>
        </test-method> <!-- tearDown -->
        <test-method status="PASS" signature="setUp()[pri:0, instance:tests.LoginDDT@cc285f4]" name="setUp" is-config="true" duration-ms="8624" started-at="2019-08-02T19:54:59Z" finished-at="2019-08-02T19:55:07Z">
          <reporter-output>
          </reporter-output>
        </test-method> <!-- setUp -->
        <test-method status="PASS" signature="loginTest(java.lang.String, java.lang.String, java.lang.String)[pri:0, instance:tests.LoginDDT@cc285f4]" name="loginTest" duration-ms="1300" started-at="2019-08-02T19:55:07Z" data-provider="getData" finished-at="2019-08-02T19:55:08Z">
          <params>
            <param index="0">
              <value>
                <![CDATA[Michael Lane]]>
              </value>
            </param>
            <param index="1">
              <value>
                <![CDATA[ml@testemail.com]]>
              </value>
            </param>
            <param index="2">
              <value>
                <![CDATA[ml3password]]>
              </value>
            </param>
          </params>
          <reporter-output>
          </reporter-output>
        </test-method> <!-- loginTest -->
        <test-method status="PASS" signature="tearDown()[pri:0, instance:tests.LoginDDT@cc285f4]" name="tearDown" is-config="true" duration-ms="1767" started-at="2019-08-02T19:55:08Z" finished-at="2019-08-02T19:55:10Z">
          <reporter-output>
          </reporter-output>
        </test-method> <!-- tearDown -->
        <test-method status="PASS" signature="setUp()[pri:0, instance:tests.LoginDDT@cc285f4]" name="setUp" is-config="true" duration-ms="7565" started-at="2019-08-02T19:55:10Z" finished-at="2019-08-02T19:55:18Z">
          <reporter-output>
          </reporter-output>
        </test-method> <!-- setUp -->
        <test-method status="PASS" signature="loginTest(java.lang.String, java.lang.String, java.lang.String)[pri:0, instance:tests.LoginDDT@cc285f4]" name="loginTest" duration-ms="1311" started-at="2019-08-02T19:55:18Z" data-provider="getData" finished-at="2019-08-02T19:55:19Z">
          <params>
            <param index="0">
              <value>
                <![CDATA[Janelle Von]]>
              </value>
            </param>
            <param index="1">
              <value>
                <![CDATA[jv@testemail.com]]>
              </value>
            </param>
            <param index="2">
              <value>
                <![CDATA[jv4password]]>
              </value>
            </param>
          </params>
          <reporter-output>
          </reporter-output>
        </test-method> <!-- loginTest -->
        <test-method status="PASS" signature="tearDown()[pri:0, instance:tests.LoginDDT@cc285f4]" name="tearDown" is-config="true" duration-ms="1465" started-at="2019-08-02T19:55:19Z" finished-at="2019-08-02T19:55:21Z">
          <reporter-output>
          </reporter-output>
        </test-method> <!-- tearDown -->
      </class> <!-- tests.LoginDDT -->
    </test> <!-- Default test -->
  </suite> <!-- Default suite -->
</testng-results>
